<?xml version="1.0" encoding="UTF-8"?>
<testsuite name="com.csc.TestTriangleNumberCalculator" tests="3" skipped="0" failures="0" errors="0" timestamp="2024-10-21T01:46:25" hostname="BENS-LAPTOP" time="0.013">
  <properties/>
  <testcase name="testAddMethod()" classname="com.csc.TestTriangleNumberCalculator" time="0.01"/>
  <testcase name="testSubtractMethod()" classname="com.csc.TestTriangleNumberCalculator" time="0.0"/>
  <testcase name="testValueMethod()" classname="com.csc.TestTriangleNumberCalculator" time="0.001"/>
  <system-out><![CDATA[]]></system-out>
  <system-err><![CDATA[]]></system-err>
</testsuite>
